<?xml version="1.0" encoding="UTF-8"?>
<testsuites name="T01 - Search By keyword" time="29.795" tests="6" failures="0" errors="0">
   <testsuite name="T01 - Search By keyword" tests="6" failures="0" errors="0" time="29.795" skipped="0" timestamp="16-01-2024T15:34:27" hostname="Administrator - 10.53.16.229" id="Test Suites/T01 - Search By keyword">
      <properties>
         <property name="deviceName" value=""/>
         <property name="devicePlatform" value=""/>
         <property name="logFolder" value="C:\\Users\\Administrator\\Katalon Studio\\My First Web UI Project\\Reports\\25670116_153422\\T01 - Search By keyword\\25670116_153422"/>
         <property name="logFiles" value="C:\\Users\\Administrator\\Katalon Studio\\My First Web UI Project\\Reports\\25670116_153422\\T01 - Search By keyword\\25670116_153422\\execution0.log"/>
         <property name="attachments" value=""/>
         <property name="hostName" value="Administrator - 10.53.16.229"/>
         <property name="os" value="Windows 10 64bit"/>
         <property name="katalonVersion" value="9.2.0.212"/>
         <property name="browser" value="Chrome 120.0.0.0"/>
         <property name="hostAddress" value="10.53.16.229"/>
         <property name="sessionId" value="20e574e3d6cede6f0249003f27240a49"/>
         <property name="seleniumVersion" value="3.141.59"/>
         <property name="proxyInformation" value="ProxyInformation { proxyOption=NO_PROXY, proxyServerType=HTTP, username=, password=********, proxyServerAddress=, proxyServerPort=0, executionList=&quot;&quot;, isApplyToDesiredCapabilities=true }"/>
         <property name="platform" value="Windows 10"/>
      </properties>
      <testcase name="Test Cases/UC01 - Search By Keyword/TC0101 - Search By Keyword - npru" time="6.036" classname="Test Cases/UC01 - Search By Keyword/TC0101 - Search By Keyword - npru" status="PASSED">
         <system-out><![CDATA[16-01-2024T15:34:27 - [TEST_CASE][PASSED] - Test Cases/UC01 - Search By Keyword/TC0101 - Search By Keyword - npru: Test Cases/UC01 - Search By Keyword/TC0101 - Search By Keyword - npru

16-01-2024T15:34:28 - [TEST_STEP][PASSED] - openBrowser(""): Browser is opened with url: ''

16-01-2024T15:34:28 - [MESSAGE][INFO] - Starting 'Chrome' driver

16-01-2024T15:34:28 - [MESSAGE][INFO] - Action delay is set to 0 milliseconds

16-01-2024T15:34:29 - [MESSAGE][PASSED] - Browser is opened with url: ''

16-01-2024T15:34:29 - [TEST_STEP][PASSED] - navigateToUrl("https://www.google.com/"): Navigate to 'https://www.google.com/' successfully

16-01-2024T15:34:30 - [MESSAGE][PASSED] - Navigate to 'https://www.google.com/' successfully

16-01-2024T15:34:30 - [TEST_STEP][PASSED] - setText(findTestObject("Object Repository/Page_Google/textarea_q"), "npru"): Text 'npru' is set on object 'Object Repository/Page_Google/textarea_q'

16-01-2024T15:34:31 - [MESSAGE][PASSED] - Text 'npru' is set on object 'Object Repository/Page_Google/textarea_q'

16-01-2024T15:34:31 - [TEST_STEP][PASSED] - click(findTestObject("Object Repository/Page_Google/input_btnK")): Object: 'Object Repository/Page_Google/input_btnK' is clicked on

16-01-2024T15:34:31 - [MESSAGE][PASSED] - Object: 'Object Repository/Page_Google/input_btnK' is clicked on

16-01-2024T15:34:31 - [TEST_STEP][PASSED] - verifyTextPresent("มหาวิทยาลัยราชภัฏนครปฐม ", false): Text 'มหาวิทยาลัยราชภัฏนครปฐม ' is present on page 

16-01-2024T15:34:33 - [MESSAGE][PASSED] - Text 'มหาวิทยาลัยราชภัฏนครปฐม ' is present on page 

16-01-2024T15:34:33 - [TEST_STEP][PASSED] - closeBrowser(): Browser is closed

16-01-2024T15:34:33 - [MESSAGE][PASSED] - Browser is closed]]></system-out>
         <system-err><![CDATA[]]></system-err>
      </testcase>
      <testcase name="Test Cases/UC01 - Search By Keyword/TC0102 - Search By Keyword - pbru" time="4.511" classname="Test Cases/UC01 - Search By Keyword/TC0102 - Search By Keyword - pbru" status="PASSED">
         <system-out><![CDATA[16-01-2024T15:34:33 - [TEST_CASE][PASSED] - Test Cases/UC01 - Search By Keyword/TC0102 - Search By Keyword - pbru: Test Cases/UC01 - Search By Keyword/TC0102 - Search By Keyword - pbru

16-01-2024T15:34:33 - [TEST_STEP][PASSED] - openBrowser(""): Browser is opened with url: ''

16-01-2024T15:34:33 - [MESSAGE][INFO] - Starting 'Chrome' driver

16-01-2024T15:34:33 - [MESSAGE][INFO] - Action delay is set to 0 milliseconds

16-01-2024T15:34:34 - [MESSAGE][PASSED] - Browser is opened with url: ''

16-01-2024T15:34:34 - [TEST_STEP][PASSED] - navigateToUrl("https://www.google.com/"): Navigate to 'https://www.google.com/' successfully

16-01-2024T15:34:35 - [MESSAGE][PASSED] - Navigate to 'https://www.google.com/' successfully

16-01-2024T15:34:35 - [TEST_STEP][PASSED] - setText(findTestObject("Object Repository/Page_Google/Page_Google/textarea_q"), "pbru"): Text 'pbru' is set on object 'Object Repository/Page_Google/Page_Google/textarea_q'

16-01-2024T15:34:35 - [MESSAGE][PASSED] - Text 'pbru' is set on object 'Object Repository/Page_Google/Page_Google/textarea_q'

16-01-2024T15:34:35 - [TEST_STEP][PASSED] - click(findTestObject("Object Repository/Page_Google/Page_Google/input_btnK")): Object: 'Object Repository/Page_Google/Page_Google/input_btnK' is clicked on

16-01-2024T15:34:36 - [MESSAGE][PASSED] - Object: 'Object Repository/Page_Google/Page_Google/input_btnK' is clicked on

16-01-2024T15:34:36 - [TEST_STEP][PASSED] - verifyTextPresent("มหาวิทยาลัยราชภัฏเพชรบุรี", false): Text 'มหาวิทยาลัยราชภัฏเพชรบุรี' is present on page 

16-01-2024T15:34:38 - [MESSAGE][PASSED] - Text 'มหาวิทยาลัยราชภัฏเพชรบุรี' is present on page 

16-01-2024T15:34:38 - [TEST_STEP][PASSED] - closeBrowser(): Browser is closed

16-01-2024T15:34:38 - [MESSAGE][PASSED] - Browser is closed]]></system-out>
         <system-err><![CDATA[]]></system-err>
      </testcase>
      <testcase name="Test Cases/UC02 - Search/TC0101 - Search By Keyword - npru" time="4.628" classname="Test Cases/UC02 - Search/TC0101 - Search By Keyword - npru" status="PASSED">
         <system-out><![CDATA[16-01-2024T15:34:38 - [TEST_CASE][PASSED] - Test Cases/UC02 - Search/TC0101 - Search By Keyword - npru: Test Cases/UC02 - Search/TC0101 - Search By Keyword - npru

16-01-2024T15:34:38 - [TEST_STEP][PASSED] - openBrowser(""): Browser is opened with url: ''

16-01-2024T15:34:38 - [MESSAGE][INFO] - Starting 'Chrome' driver

16-01-2024T15:34:38 - [MESSAGE][INFO] - Action delay is set to 0 milliseconds

16-01-2024T15:34:38 - [MESSAGE][PASSED] - Browser is opened with url: ''

16-01-2024T15:34:38 - [TEST_STEP][PASSED] - navigateToUrl("https://www.google.com/"): Navigate to 'https://www.google.com/' successfully

16-01-2024T15:34:39 - [MESSAGE][PASSED] - Navigate to 'https://www.google.com/' successfully

16-01-2024T15:34:39 - [TEST_STEP][PASSED] - setText(findTestObject("Object Repository/Page_Google/textarea_q"), "npru"): Text 'npru' is set on object 'Object Repository/Page_Google/textarea_q'

16-01-2024T15:34:40 - [MESSAGE][PASSED] - Text 'npru' is set on object 'Object Repository/Page_Google/textarea_q'

16-01-2024T15:34:40 - [TEST_STEP][PASSED] - click(findTestObject("Object Repository/Page_Google/input_btnK")): Object: 'Object Repository/Page_Google/input_btnK' is clicked on

16-01-2024T15:34:41 - [MESSAGE][PASSED] - Object: 'Object Repository/Page_Google/input_btnK' is clicked on

16-01-2024T15:34:41 - [TEST_STEP][PASSED] - verifyTextPresent("มหาวิทยาลัยราชภัฏนครปฐม ", false): Text 'มหาวิทยาลัยราชภัฏนครปฐม ' is present on page 

16-01-2024T15:34:42 - [MESSAGE][PASSED] - Text 'มหาวิทยาลัยราชภัฏนครปฐม ' is present on page 

16-01-2024T15:34:42 - [TEST_STEP][PASSED] - closeBrowser(): Browser is closed

16-01-2024T15:34:43 - [MESSAGE][PASSED] - Browser is closed]]></system-out>
         <system-err><![CDATA[]]></system-err>
      </testcase>
      <testcase name="Test Cases/UC02 - Search/TC0102 - Search By Keyword - pbru" time="4.525" classname="Test Cases/UC02 - Search/TC0102 - Search By Keyword - pbru" status="PASSED">
         <system-out><![CDATA[16-01-2024T15:34:43 - [TEST_CASE][PASSED] - Test Cases/UC02 - Search/TC0102 - Search By Keyword - pbru: Test Cases/UC02 - Search/TC0102 - Search By Keyword - pbru

16-01-2024T15:34:43 - [TEST_STEP][PASSED] - openBrowser(""): Browser is opened with url: ''

16-01-2024T15:34:43 - [MESSAGE][INFO] - Starting 'Chrome' driver

16-01-2024T15:34:43 - [MESSAGE][INFO] - Action delay is set to 0 milliseconds

16-01-2024T15:34:43 - [MESSAGE][PASSED] - Browser is opened with url: ''

16-01-2024T15:34:43 - [TEST_STEP][PASSED] - navigateToUrl("https://www.google.com/"): Navigate to 'https://www.google.com/' successfully

16-01-2024T15:34:44 - [MESSAGE][PASSED] - Navigate to 'https://www.google.com/' successfully

16-01-2024T15:34:44 - [TEST_STEP][PASSED] - setText(findTestObject("Object Repository/Page_Google/Page_Google/textarea_q"), "pbru"): Text 'pbru' is set on object 'Object Repository/Page_Google/Page_Google/textarea_q'

16-01-2024T15:34:45 - [MESSAGE][PASSED] - Text 'pbru' is set on object 'Object Repository/Page_Google/Page_Google/textarea_q'

16-01-2024T15:34:45 - [TEST_STEP][PASSED] - click(findTestObject("Object Repository/Page_Google/Page_Google/input_btnK")): Object: 'Object Repository/Page_Google/Page_Google/input_btnK' is clicked on

16-01-2024T15:34:45 - [MESSAGE][PASSED] - Object: 'Object Repository/Page_Google/Page_Google/input_btnK' is clicked on

16-01-2024T15:34:45 - [TEST_STEP][PASSED] - verifyTextPresent("มหาวิทยาลัยราชภัฏเพชรบุรี", false): Text 'มหาวิทยาลัยราชภัฏเพชรบุรี' is present on page 

16-01-2024T15:34:47 - [MESSAGE][PASSED] - Text 'มหาวิทยาลัยราชภัฏเพชรบุรี' is present on page 

16-01-2024T15:34:47 - [TEST_STEP][PASSED] - closeBrowser(): Browser is closed

16-01-2024T15:34:47 - [MESSAGE][PASSED] - Browser is closed]]></system-out>
         <system-err><![CDATA[]]></system-err>
      </testcase>
      <testcase name="Test Cases/UC01 - Search By Keyword/TC0103 - Search By Keyword - kru" time="5.036" classname="Test Cases/UC01 - Search By Keyword/TC0103 - Search By Keyword - kru" status="PASSED">
         <system-out><![CDATA[16-01-2024T15:34:47 - [TEST_CASE][PASSED] - Test Cases/UC01 - Search By Keyword/TC0103 - Search By Keyword - kru: Test Cases/UC01 - Search By Keyword/TC0103 - Search By Keyword - kru

16-01-2024T15:34:47 - [TEST_STEP][PASSED] - openBrowser(""): Browser is opened with url: ''

16-01-2024T15:34:47 - [MESSAGE][INFO] - Starting 'Chrome' driver

16-01-2024T15:34:47 - [MESSAGE][INFO] - Action delay is set to 0 milliseconds

16-01-2024T15:34:48 - [MESSAGE][PASSED] - Browser is opened with url: ''

16-01-2024T15:34:48 - [TEST_STEP][PASSED] - navigateToUrl("https://www.google.com/"): Navigate to 'https://www.google.com/' successfully

16-01-2024T15:34:48 - [MESSAGE][PASSED] - Navigate to 'https://www.google.com/' successfully

16-01-2024T15:34:48 - [TEST_STEP][PASSED] - setText(findTestObject("Object Repository/Page_Google/Page_Google/Page_Google/textarea_q"), "kru"): Text 'kru' is set on object 'Object Repository/Page_Google/Page_Google/Page_Google/textarea_q'

16-01-2024T15:34:49 - [MESSAGE][PASSED] - Text 'kru' is set on object 'Object Repository/Page_Google/Page_Google/Page_Google/textarea_q'

16-01-2024T15:34:49 - [TEST_STEP][PASSED] - click(findTestObject("Object Repository/Page_Google/Page_Google/Page_Google/input_btnK")): Object: 'Object Repository/Page_Google/Page_Google/Page_Google/input_btnK' is clicked on

16-01-2024T15:34:50 - [MESSAGE][PASSED] - Object: 'Object Repository/Page_Google/Page_Google/Page_Google/input_btnK' is clicked on

16-01-2024T15:34:50 - [TEST_STEP][PASSED] - verifyTextPresent("มหาวิทยาลัยราชภัฏกาญจนบุรี", false): Text 'มหาวิทยาลัยราชภัฏกาญจนบุรี' is present on page 

16-01-2024T15:34:52 - [MESSAGE][PASSED] - Text 'มหาวิทยาลัยราชภัฏกาญจนบุรี' is present on page 

16-01-2024T15:34:52 - [TEST_STEP][PASSED] - closeBrowser(): Browser is closed

16-01-2024T15:34:52 - [MESSAGE][PASSED] - Browser is closed]]></system-out>
         <system-err><![CDATA[]]></system-err>
      </testcase>
      <testcase name="Test Cases/UC02 - Search/TC0103 - Search By Keyword - kru" time="4.913" classname="Test Cases/UC02 - Search/TC0103 - Search By Keyword - kru" status="PASSED">
         <system-out><![CDATA[16-01-2024T15:34:52 - [TEST_CASE][PASSED] - Test Cases/UC02 - Search/TC0103 - Search By Keyword - kru: Test Cases/UC02 - Search/TC0103 - Search By Keyword - kru

16-01-2024T15:34:52 - [TEST_STEP][PASSED] - openBrowser(""): Browser is opened with url: ''

16-01-2024T15:34:52 - [MESSAGE][INFO] - Starting 'Chrome' driver

16-01-2024T15:34:52 - [MESSAGE][INFO] - Action delay is set to 0 milliseconds

16-01-2024T15:34:53 - [MESSAGE][PASSED] - Browser is opened with url: ''

16-01-2024T15:34:53 - [TEST_STEP][PASSED] - navigateToUrl("https://www.google.com/"): Navigate to 'https://www.google.com/' successfully

16-01-2024T15:34:54 - [MESSAGE][PASSED] - Navigate to 'https://www.google.com/' successfully

16-01-2024T15:34:54 - [TEST_STEP][PASSED] - setText(findTestObject("Object Repository/Page_Google/Page_Google/Page_Google/textarea_q"), "kru"): Text 'kru' is set on object 'Object Repository/Page_Google/Page_Google/Page_Google/textarea_q'

16-01-2024T15:34:54 - [MESSAGE][PASSED] - Text 'kru' is set on object 'Object Repository/Page_Google/Page_Google/Page_Google/textarea_q'

16-01-2024T15:34:54 - [TEST_STEP][PASSED] - click(findTestObject("Object Repository/Page_Google/Page_Google/Page_Google/input_btnK")): Object: 'Object Repository/Page_Google/Page_Google/Page_Google/input_btnK' is clicked on

16-01-2024T15:34:55 - [MESSAGE][PASSED] - Object: 'Object Repository/Page_Google/Page_Google/Page_Google/input_btnK' is clicked on

16-01-2024T15:34:55 - [TEST_STEP][PASSED] - verifyTextPresent("มหาวิทยาลัยราชภัฏกาญจนบุรี", false): Text 'มหาวิทยาลัยราชภัฏกาญจนบุรี' is present on page 

16-01-2024T15:34:57 - [MESSAGE][PASSED] - Text 'มหาวิทยาลัยราชภัฏกาญจนบุรี' is present on page 

16-01-2024T15:34:57 - [TEST_STEP][PASSED] - closeBrowser(): Browser is closed

16-01-2024T15:34:57 - [MESSAGE][PASSED] - Browser is closed]]></system-out>
         <system-err><![CDATA[]]></system-err>
      </testcase>
      <system-out><![CDATA[16-01-2024T15:34:27 - [TEST_SUITE][PASSED] - T01 - Search By keyword: Test Cases/UC02 - Search/TC0103 - Search By Keyword - kru]]></system-out>
      <system-err><![CDATA[]]></system-err>
   </testsuite>
</testsuites>
