<?xml version="1.0" encoding="UTF-8"?>
<testsuites name="TSC01 - Search" time="30.861" tests="4" failures="0" errors="0">
   <testsuite name="T01 - Search By keyword" tests="4" failures="0" errors="0" time="20.964" skipped="0" timestamp="16-01-2024T15:23:44" hostname="Administrator - 10.53.16.229" id="Test Suites/T01 - Search By keyword">
      <properties>
         <property name="deviceName" value=""/>
         <property name="devicePlatform" value=""/>
         <property name="logFolder" value="C:\\Users\\Administrator\\Katalon Studio\\My First Web UI Project\\Reports\\25670116_152337\\T01 - Search By keyword\\25670116_152338"/>
         <property name="logFiles" value="C:\\Users\\Administrator\\Katalon Studio\\My First Web UI Project\\Reports\\25670116_152337\\T01 - Search By keyword\\25670116_152338\\execution0.log"/>
         <property name="attachments" value=""/>
         <property name="hostName" value="Administrator - 10.53.16.229"/>
         <property name="os" value="Windows 10 64bit"/>
         <property name="katalonVersion" value="9.2.0.212"/>
         <property name="browser" value="Chrome 120.0.0.0"/>
         <property name="hostAddress" value="10.53.16.229"/>
         <property name="sessionId" value="82d48a88991e6ae0f51d49ee5b14dffb"/>
         <property name="seleniumVersion" value="3.141.59"/>
         <property name="proxyInformation" value="ProxyInformation { proxyOption=NO_PROXY, proxyServerType=HTTP, username=, password=********, proxyServerAddress=, proxyServerPort=0, executionList=&quot;&quot;, isApplyToDesiredCapabilities=true }"/>
         <property name="platform" value="Windows 10"/>
      </properties>
      <testcase name="Test Cases/UC01 - Search By Keyword/TC0101 - Search By Keyword - npru" time="5.791" classname="Test Cases/UC01 - Search By Keyword/TC0101 - Search By Keyword - npru" status="PASSED">
         <system-out><![CDATA[16-01-2024T15:23:44 - [TEST_CASE][PASSED] - Test Cases/UC01 - Search By Keyword/TC0101 - Search By Keyword - npru: Test Cases/UC01 - Search By Keyword/TC0101 - Search By Keyword - npru

16-01-2024T15:23:44 - [TEST_STEP][PASSED] - openBrowser(""): Browser is opened with url: ''

16-01-2024T15:23:45 - [MESSAGE][INFO] - Starting 'Chrome' driver

16-01-2024T15:23:45 - [MESSAGE][INFO] - Action delay is set to 0 milliseconds

16-01-2024T15:23:46 - [MESSAGE][PASSED] - Browser is opened with url: ''

16-01-2024T15:23:46 - [TEST_STEP][PASSED] - navigateToUrl("https://www.google.com/"): Navigate to 'https://www.google.com/' successfully

16-01-2024T15:23:47 - [MESSAGE][PASSED] - Navigate to 'https://www.google.com/' successfully

16-01-2024T15:23:47 - [TEST_STEP][PASSED] - setText(findTestObject("Object Repository/Page_Google/textarea_q"), "npru"): Text 'npru' is set on object 'Object Repository/Page_Google/textarea_q'

16-01-2024T15:23:48 - [MESSAGE][PASSED] - Text 'npru' is set on object 'Object Repository/Page_Google/textarea_q'

16-01-2024T15:23:48 - [TEST_STEP][PASSED] - click(findTestObject("Object Repository/Page_Google/input_btnK")): Object: 'Object Repository/Page_Google/input_btnK' is clicked on

16-01-2024T15:23:48 - [MESSAGE][PASSED] - Object: 'Object Repository/Page_Google/input_btnK' is clicked on

16-01-2024T15:23:48 - [TEST_STEP][PASSED] - verifyTextPresent("มหาวิทยาลัยราชภัฏนครปฐม ", false): Text 'มหาวิทยาลัยราชภัฏนครปฐม ' is present on page 

16-01-2024T15:23:50 - [MESSAGE][PASSED] - Text 'มหาวิทยาลัยราชภัฏนครปฐม ' is present on page 

16-01-2024T15:23:50 - [TEST_STEP][PASSED] - closeBrowser(): Browser is closed

16-01-2024T15:23:50 - [MESSAGE][PASSED] - Browser is closed]]></system-out>
         <system-err><![CDATA[]]></system-err>
      </testcase>
      <testcase name="Test Cases/UC01 - Search By Keyword/TC0102 - Search By Keyword - pbru" time="4.38" classname="Test Cases/UC01 - Search By Keyword/TC0102 - Search By Keyword - pbru" status="PASSED">
         <system-out><![CDATA[16-01-2024T15:23:50 - [TEST_CASE][PASSED] - Test Cases/UC01 - Search By Keyword/TC0102 - Search By Keyword - pbru: Test Cases/UC01 - Search By Keyword/TC0102 - Search By Keyword - pbru

16-01-2024T15:23:50 - [TEST_STEP][PASSED] - openBrowser(""): Browser is opened with url: ''

16-01-2024T15:23:50 - [MESSAGE][INFO] - Starting 'Chrome' driver

16-01-2024T15:23:50 - [MESSAGE][INFO] - Action delay is set to 0 milliseconds

16-01-2024T15:23:51 - [MESSAGE][PASSED] - Browser is opened with url: ''

16-01-2024T15:23:51 - [TEST_STEP][PASSED] - navigateToUrl("https://www.google.com/"): Navigate to 'https://www.google.com/' successfully

16-01-2024T15:23:52 - [MESSAGE][PASSED] - Navigate to 'https://www.google.com/' successfully

16-01-2024T15:23:52 - [TEST_STEP][PASSED] - setText(findTestObject("Object Repository/Page_Google/Page_Google/textarea_q"), "pbru"): Text 'pbru' is set on object 'Object Repository/Page_Google/Page_Google/textarea_q'

16-01-2024T15:23:52 - [MESSAGE][PASSED] - Text 'pbru' is set on object 'Object Repository/Page_Google/Page_Google/textarea_q'

16-01-2024T15:23:52 - [TEST_STEP][PASSED] - click(findTestObject("Object Repository/Page_Google/Page_Google/input_btnK")): Object: 'Object Repository/Page_Google/Page_Google/input_btnK' is clicked on

16-01-2024T15:23:53 - [MESSAGE][PASSED] - Object: 'Object Repository/Page_Google/Page_Google/input_btnK' is clicked on

16-01-2024T15:23:53 - [TEST_STEP][PASSED] - verifyTextPresent("มหาวิทยาลัยราชภัฏเพชรบุรี", false): Text 'มหาวิทยาลัยราชภัฏเพชรบุรี' is present on page 

16-01-2024T15:23:54 - [MESSAGE][PASSED] - Text 'มหาวิทยาลัยราชภัฏเพชรบุรี' is present on page 

16-01-2024T15:23:54 - [TEST_STEP][PASSED] - closeBrowser(): Browser is closed

16-01-2024T15:23:54 - [MESSAGE][PASSED] - Browser is closed]]></system-out>
         <system-err><![CDATA[]]></system-err>
      </testcase>
      <testcase name="Test Cases/UC02 - Search/TC0101 - Search By Keyword - npru" time="5.025" classname="Test Cases/UC02 - Search/TC0101 - Search By Keyword - npru" status="PASSED">
         <system-out><![CDATA[16-01-2024T15:23:54 - [TEST_CASE][PASSED] - Test Cases/UC02 - Search/TC0101 - Search By Keyword - npru: Test Cases/UC02 - Search/TC0101 - Search By Keyword - npru

16-01-2024T15:23:54 - [TEST_STEP][PASSED] - openBrowser(""): Browser is opened with url: ''

16-01-2024T15:23:55 - [MESSAGE][INFO] - Starting 'Chrome' driver

16-01-2024T15:23:55 - [MESSAGE][INFO] - Action delay is set to 0 milliseconds

16-01-2024T15:23:55 - [MESSAGE][PASSED] - Browser is opened with url: ''

16-01-2024T15:23:55 - [TEST_STEP][PASSED] - navigateToUrl("https://www.google.com/"): Navigate to 'https://www.google.com/' successfully

16-01-2024T15:23:56 - [MESSAGE][PASSED] - Navigate to 'https://www.google.com/' successfully

16-01-2024T15:23:56 - [TEST_STEP][PASSED] - setText(findTestObject("Object Repository/Page_Google/textarea_q"), "npru"): Text 'npru' is set on object 'Object Repository/Page_Google/textarea_q'

16-01-2024T15:23:57 - [MESSAGE][PASSED] - Text 'npru' is set on object 'Object Repository/Page_Google/textarea_q'

16-01-2024T15:23:57 - [TEST_STEP][PASSED] - click(findTestObject("Object Repository/Page_Google/input_btnK")): Object: 'Object Repository/Page_Google/input_btnK' is clicked on

16-01-2024T15:23:58 - [MESSAGE][PASSED] - Object: 'Object Repository/Page_Google/input_btnK' is clicked on

16-01-2024T15:23:58 - [TEST_STEP][PASSED] - verifyTextPresent("มหาวิทยาลัยราชภัฏนครปฐม ", false): Text 'มหาวิทยาลัยราชภัฏนครปฐม ' is present on page 

16-01-2024T15:23:59 - [MESSAGE][PASSED] - Text 'มหาวิทยาลัยราชภัฏนครปฐม ' is present on page 

16-01-2024T15:23:59 - [TEST_STEP][PASSED] - closeBrowser(): Browser is closed

16-01-2024T15:24:00 - [MESSAGE][PASSED] - Browser is closed]]></system-out>
         <system-err><![CDATA[]]></system-err>
      </testcase>
      <testcase name="Test Cases/UC02 - Search/TC0102 - Search By Keyword - pbru" time="5.637" classname="Test Cases/UC02 - Search/TC0102 - Search By Keyword - pbru" status="PASSED">
         <system-out><![CDATA[16-01-2024T15:24:00 - [TEST_CASE][PASSED] - Test Cases/UC02 - Search/TC0102 - Search By Keyword - pbru: Test Cases/UC02 - Search/TC0102 - Search By Keyword - pbru

16-01-2024T15:24:00 - [TEST_STEP][PASSED] - openBrowser(""): Browser is opened with url: ''

16-01-2024T15:24:00 - [MESSAGE][INFO] - Starting 'Chrome' driver

16-01-2024T15:24:00 - [MESSAGE][INFO] - Action delay is set to 0 milliseconds

16-01-2024T15:24:00 - [MESSAGE][PASSED] - Browser is opened with url: ''

16-01-2024T15:24:00 - [TEST_STEP][PASSED] - navigateToUrl("https://www.google.com/"): Navigate to 'https://www.google.com/' successfully

16-01-2024T15:24:02 - [MESSAGE][PASSED] - Navigate to 'https://www.google.com/' successfully

16-01-2024T15:24:02 - [TEST_STEP][PASSED] - setText(findTestObject("Object Repository/Page_Google/Page_Google/textarea_q"), "pbru"): Text 'pbru' is set on object 'Object Repository/Page_Google/Page_Google/textarea_q'

16-01-2024T15:24:03 - [MESSAGE][PASSED] - Text 'pbru' is set on object 'Object Repository/Page_Google/Page_Google/textarea_q'

16-01-2024T15:24:03 - [TEST_STEP][PASSED] - click(findTestObject("Object Repository/Page_Google/Page_Google/input_btnK")): Object: 'Object Repository/Page_Google/Page_Google/input_btnK' is clicked on

16-01-2024T15:24:03 - [MESSAGE][PASSED] - Object: 'Object Repository/Page_Google/Page_Google/input_btnK' is clicked on

16-01-2024T15:24:03 - [TEST_STEP][PASSED] - verifyTextPresent("มหาวิทยาลัยราชภัฏเพชรบุรี", false): Text 'มหาวิทยาลัยราชภัฏเพชรบุรี' is present on page 

16-01-2024T15:24:05 - [MESSAGE][PASSED] - Text 'มหาวิทยาลัยราชภัฏเพชรบุรี' is present on page 

16-01-2024T15:24:05 - [TEST_STEP][PASSED] - closeBrowser(): Browser is closed

16-01-2024T15:24:05 - [MESSAGE][PASSED] - Browser is closed]]></system-out>
         <system-err><![CDATA[]]></system-err>
      </testcase>
      <system-out><![CDATA[16-01-2024T15:23:44 - [TEST_SUITE][PASSED] - T01 - Search By keyword: Test Cases/UC02 - Search/TC0102 - Search By Keyword - pbru]]></system-out>
      <system-err><![CDATA[]]></system-err>
   </testsuite>
</testsuites>
