<?xml version="1.0" encoding="UTF-8"?>
<testsuites name="T01 - Search By keyword" time="47.066" tests="6" failures="0" errors="0">
   <testsuite name="T01 - Search By keyword" tests="6" failures="0" errors="0" time="47.066" skipped="0" timestamp="16-01-2024T15:37:20" hostname="Administrator - 10.53.16.229" id="Test Suites/T01 - Search By keyword">
      <properties>
         <property name="deviceName" value=""/>
         <property name="devicePlatform" value=""/>
         <property name="logFolder" value="C:\\Users\\Administrator\\Katalon Studio\\My First Web UI Project\\Reports\\25670116_153712\\T01 - Search By keyword\\25670116_153713"/>
         <property name="logFiles" value="C:\\Users\\Administrator\\Katalon Studio\\My First Web UI Project\\Reports\\25670116_153712\\T01 - Search By keyword\\25670116_153713\\execution0.log"/>
         <property name="attachments" value=""/>
         <property name="hostName" value="Administrator - 10.53.16.229"/>
         <property name="os" value="Windows 10 64bit"/>
         <property name="katalonVersion" value="9.2.0.212"/>
         <property name="browser" value="Firefox 121.0"/>
         <property name="hostAddress" value="10.53.16.229"/>
         <property name="sessionId" value="bdac508c-37ff-47eb-826b-3b2ddd361862"/>
         <property name="seleniumVersion" value="3.141.59"/>
         <property name="proxyInformation" value="ProxyInformation { proxyOption=NO_PROXY, proxyServerType=HTTP, username=, password=********, proxyServerAddress=, proxyServerPort=0, executionList=&quot;&quot;, isApplyToDesiredCapabilities=true }"/>
         <property name="platform" value="Windows 10"/>
      </properties>
      <testcase name="Test Cases/UC01 - Search By Keyword/TC0101 - Search By Keyword - npru" time="8.291" classname="Test Cases/UC01 - Search By Keyword/TC0101 - Search By Keyword - npru" status="PASSED">
         <system-out><![CDATA[16-01-2024T15:37:20 - [TEST_CASE][PASSED] - Test Cases/UC01 - Search By Keyword/TC0101 - Search By Keyword - npru: Test Cases/UC01 - Search By Keyword/TC0101 - Search By Keyword - npru

16-01-2024T15:37:20 - [TEST_STEP][PASSED] - openBrowser(""): Browser is opened with url: ''

16-01-2024T15:37:20 - [MESSAGE][INFO] - Starting 'Firefox' driver

16-01-2024T15:37:20 - [MESSAGE][INFO] - Action delay is set to 0 milliseconds

16-01-2024T15:37:23 - [MESSAGE][PASSED] - Browser is opened with url: ''

16-01-2024T15:37:23 - [TEST_STEP][PASSED] - navigateToUrl("https://www.google.com/"): Navigate to 'https://www.google.com/' successfully

16-01-2024T15:37:24 - [MESSAGE][PASSED] - Navigate to 'https://www.google.com/' successfully

16-01-2024T15:37:24 - [TEST_STEP][PASSED] - setText(findTestObject("Object Repository/Page_Google/textarea_q"), "npru"): Text 'npru' is set on object 'Object Repository/Page_Google/textarea_q'

16-01-2024T15:37:24 - [MESSAGE][PASSED] - Text 'npru' is set on object 'Object Repository/Page_Google/textarea_q'

16-01-2024T15:37:24 - [TEST_STEP][PASSED] - click(findTestObject("Object Repository/Page_Google/input_btnK")): Object: 'Object Repository/Page_Google/input_btnK' is clicked on

16-01-2024T15:37:26 - [MESSAGE][PASSED] - Object: 'Object Repository/Page_Google/input_btnK' is clicked on

16-01-2024T15:37:26 - [TEST_STEP][PASSED] - verifyTextPresent("มหาวิทยาลัยราชภัฏนครปฐม ", false): Text 'มหาวิทยาลัยราชภัฏนครปฐม ' is present on page 

16-01-2024T15:37:27 - [MESSAGE][PASSED] - Text 'มหาวิทยาลัยราชภัฏนครปฐม ' is present on page 

16-01-2024T15:37:27 - [TEST_STEP][PASSED] - closeBrowser(): Browser is closed

16-01-2024T15:37:28 - [MESSAGE][PASSED] - Browser is closed]]></system-out>
         <system-err><![CDATA[]]></system-err>
      </testcase>
      <testcase name="Test Cases/UC01 - Search By Keyword/TC0102 - Search By Keyword - pbru" time="7.144" classname="Test Cases/UC01 - Search By Keyword/TC0102 - Search By Keyword - pbru" status="PASSED">
         <system-out><![CDATA[16-01-2024T15:37:28 - [TEST_CASE][PASSED] - Test Cases/UC01 - Search By Keyword/TC0102 - Search By Keyword - pbru: Test Cases/UC01 - Search By Keyword/TC0102 - Search By Keyword - pbru

16-01-2024T15:37:28 - [TEST_STEP][PASSED] - openBrowser(""): Browser is opened with url: ''

16-01-2024T15:37:28 - [MESSAGE][INFO] - Starting 'Firefox' driver

16-01-2024T15:37:28 - [MESSAGE][INFO] - Action delay is set to 0 milliseconds

16-01-2024T15:37:30 - [MESSAGE][PASSED] - Browser is opened with url: ''

16-01-2024T15:37:30 - [TEST_STEP][PASSED] - navigateToUrl("https://www.google.com/"): Navigate to 'https://www.google.com/' successfully

16-01-2024T15:37:31 - [MESSAGE][PASSED] - Navigate to 'https://www.google.com/' successfully

16-01-2024T15:37:31 - [TEST_STEP][PASSED] - setText(findTestObject("Object Repository/Page_Google/Page_Google/textarea_q"), "pbru"): Text 'pbru' is set on object 'Object Repository/Page_Google/Page_Google/textarea_q'

16-01-2024T15:37:31 - [MESSAGE][PASSED] - Text 'pbru' is set on object 'Object Repository/Page_Google/Page_Google/textarea_q'

16-01-2024T15:37:31 - [TEST_STEP][PASSED] - click(findTestObject("Object Repository/Page_Google/Page_Google/input_btnK")): Object: 'Object Repository/Page_Google/Page_Google/input_btnK' is clicked on

16-01-2024T15:37:33 - [MESSAGE][PASSED] - Object: 'Object Repository/Page_Google/Page_Google/input_btnK' is clicked on

16-01-2024T15:37:33 - [TEST_STEP][PASSED] - verifyTextPresent("มหาวิทยาลัยราชภัฏเพชรบุรี", false): Text 'มหาวิทยาลัยราชภัฏเพชรบุรี' is present on page 

16-01-2024T15:37:34 - [MESSAGE][PASSED] - Text 'มหาวิทยาลัยราชภัฏเพชรบุรี' is present on page 

16-01-2024T15:37:34 - [TEST_STEP][PASSED] - closeBrowser(): Browser is closed

16-01-2024T15:37:35 - [MESSAGE][PASSED] - Browser is closed]]></system-out>
         <system-err><![CDATA[]]></system-err>
      </testcase>
      <testcase name="Test Cases/UC02 - Search/TC0101 - Search By Keyword - npru" time="8.753" classname="Test Cases/UC02 - Search/TC0101 - Search By Keyword - npru" status="PASSED">
         <system-out><![CDATA[16-01-2024T15:37:35 - [TEST_CASE][PASSED] - Test Cases/UC02 - Search/TC0101 - Search By Keyword - npru: Test Cases/UC02 - Search/TC0101 - Search By Keyword - npru

16-01-2024T15:37:35 - [TEST_STEP][PASSED] - openBrowser(""): Browser is opened with url: ''

16-01-2024T15:37:35 - [MESSAGE][INFO] - Starting 'Firefox' driver

16-01-2024T15:37:35 - [MESSAGE][INFO] - Action delay is set to 0 milliseconds

16-01-2024T15:37:37 - [MESSAGE][PASSED] - Browser is opened with url: ''

16-01-2024T15:37:37 - [TEST_STEP][PASSED] - navigateToUrl("https://www.google.com/"): Navigate to 'https://www.google.com/' successfully

16-01-2024T15:37:38 - [MESSAGE][PASSED] - Navigate to 'https://www.google.com/' successfully

16-01-2024T15:37:38 - [TEST_STEP][PASSED] - setText(findTestObject("Object Repository/Page_Google/textarea_q"), "npru"): Text 'npru' is set on object 'Object Repository/Page_Google/textarea_q'

16-01-2024T15:37:39 - [MESSAGE][PASSED] - Text 'npru' is set on object 'Object Repository/Page_Google/textarea_q'

16-01-2024T15:37:39 - [TEST_STEP][PASSED] - click(findTestObject("Object Repository/Page_Google/input_btnK")): Object: 'Object Repository/Page_Google/input_btnK' is clicked on

16-01-2024T15:37:42 - [MESSAGE][PASSED] - Object: 'Object Repository/Page_Google/input_btnK' is clicked on

16-01-2024T15:37:42 - [TEST_STEP][PASSED] - verifyTextPresent("มหาวิทยาลัยราชภัฏนครปฐม ", false): Text 'มหาวิทยาลัยราชภัฏนครปฐม ' is present on page 

16-01-2024T15:37:43 - [MESSAGE][PASSED] - Text 'มหาวิทยาลัยราชภัฏนครปฐม ' is present on page 

16-01-2024T15:37:43 - [TEST_STEP][PASSED] - closeBrowser(): Browser is closed

16-01-2024T15:37:44 - [MESSAGE][PASSED] - Browser is closed]]></system-out>
         <system-err><![CDATA[]]></system-err>
      </testcase>
      <testcase name="Test Cases/UC02 - Search/TC0102 - Search By Keyword - pbru" time="7.249" classname="Test Cases/UC02 - Search/TC0102 - Search By Keyword - pbru" status="PASSED">
         <system-out><![CDATA[16-01-2024T15:37:44 - [TEST_CASE][PASSED] - Test Cases/UC02 - Search/TC0102 - Search By Keyword - pbru: Test Cases/UC02 - Search/TC0102 - Search By Keyword - pbru

16-01-2024T15:37:44 - [TEST_STEP][PASSED] - openBrowser(""): Browser is opened with url: ''

16-01-2024T15:37:44 - [MESSAGE][INFO] - Starting 'Firefox' driver

16-01-2024T15:37:44 - [MESSAGE][INFO] - Action delay is set to 0 milliseconds

16-01-2024T15:37:46 - [MESSAGE][PASSED] - Browser is opened with url: ''

16-01-2024T15:37:46 - [TEST_STEP][PASSED] - navigateToUrl("https://www.google.com/"): Navigate to 'https://www.google.com/' successfully

16-01-2024T15:37:47 - [MESSAGE][PASSED] - Navigate to 'https://www.google.com/' successfully

16-01-2024T15:37:47 - [TEST_STEP][PASSED] - setText(findTestObject("Object Repository/Page_Google/Page_Google/textarea_q"), "pbru"): Text 'pbru' is set on object 'Object Repository/Page_Google/Page_Google/textarea_q'

16-01-2024T15:37:47 - [MESSAGE][PASSED] - Text 'pbru' is set on object 'Object Repository/Page_Google/Page_Google/textarea_q'

16-01-2024T15:37:47 - [TEST_STEP][PASSED] - click(findTestObject("Object Repository/Page_Google/Page_Google/input_btnK")): Object: 'Object Repository/Page_Google/Page_Google/input_btnK' is clicked on

16-01-2024T15:37:49 - [MESSAGE][PASSED] - Object: 'Object Repository/Page_Google/Page_Google/input_btnK' is clicked on

16-01-2024T15:37:49 - [TEST_STEP][PASSED] - verifyTextPresent("มหาวิทยาลัยราชภัฏเพชรบุรี", false): Text 'มหาวิทยาลัยราชภัฏเพชรบุรี' is present on page 

16-01-2024T15:37:50 - [MESSAGE][PASSED] - Text 'มหาวิทยาลัยราชภัฏเพชรบุรี' is present on page 

16-01-2024T15:37:50 - [TEST_STEP][PASSED] - closeBrowser(): Browser is closed

16-01-2024T15:37:51 - [MESSAGE][PASSED] - Browser is closed]]></system-out>
         <system-err><![CDATA[]]></system-err>
      </testcase>
      <testcase name="Test Cases/UC01 - Search By Keyword/TC0103 - Search By Keyword - kru" time="7.976" classname="Test Cases/UC01 - Search By Keyword/TC0103 - Search By Keyword - kru" status="PASSED">
         <system-out><![CDATA[16-01-2024T15:37:51 - [TEST_CASE][PASSED] - Test Cases/UC01 - Search By Keyword/TC0103 - Search By Keyword - kru: Test Cases/UC01 - Search By Keyword/TC0103 - Search By Keyword - kru

16-01-2024T15:37:51 - [TEST_STEP][PASSED] - openBrowser(""): Browser is opened with url: ''

16-01-2024T15:37:51 - [MESSAGE][INFO] - Starting 'Firefox' driver

16-01-2024T15:37:51 - [MESSAGE][INFO] - Action delay is set to 0 milliseconds

16-01-2024T15:37:53 - [MESSAGE][PASSED] - Browser is opened with url: ''

16-01-2024T15:37:53 - [TEST_STEP][PASSED] - navigateToUrl("https://www.google.com/"): Navigate to 'https://www.google.com/' successfully

16-01-2024T15:37:54 - [MESSAGE][PASSED] - Navigate to 'https://www.google.com/' successfully

16-01-2024T15:37:54 - [TEST_STEP][PASSED] - setText(findTestObject("Object Repository/Page_Google/Page_Google/Page_Google/textarea_q"), "kru"): Text 'kru' is set on object 'Object Repository/Page_Google/Page_Google/Page_Google/textarea_q'

16-01-2024T15:37:55 - [MESSAGE][PASSED] - Text 'kru' is set on object 'Object Repository/Page_Google/Page_Google/Page_Google/textarea_q'

16-01-2024T15:37:55 - [TEST_STEP][PASSED] - click(findTestObject("Object Repository/Page_Google/Page_Google/Page_Google/input_btnK")): Object: 'Object Repository/Page_Google/Page_Google/Page_Google/input_btnK' is clicked on

16-01-2024T15:37:57 - [MESSAGE][PASSED] - Object: 'Object Repository/Page_Google/Page_Google/Page_Google/input_btnK' is clicked on

16-01-2024T15:37:57 - [TEST_STEP][PASSED] - verifyTextPresent("มหาวิทยาลัยราชภัฏกาญจนบุรี", false): Text 'มหาวิทยาลัยราชภัฏกาญจนบุรี' is present on page 

16-01-2024T15:37:58 - [MESSAGE][PASSED] - Text 'มหาวิทยาลัยราชภัฏกาญจนบุรี' is present on page 

16-01-2024T15:37:58 - [TEST_STEP][PASSED] - closeBrowser(): Browser is closed

16-01-2024T15:37:59 - [MESSAGE][PASSED] - Browser is closed]]></system-out>
         <system-err><![CDATA[]]></system-err>
      </testcase>
      <testcase name="Test Cases/UC02 - Search/TC0103 - Search By Keyword - kru" time="7.521" classname="Test Cases/UC02 - Search/TC0103 - Search By Keyword - kru" status="PASSED">
         <system-out><![CDATA[16-01-2024T15:37:59 - [TEST_CASE][PASSED] - Test Cases/UC02 - Search/TC0103 - Search By Keyword - kru: Test Cases/UC02 - Search/TC0103 - Search By Keyword - kru

16-01-2024T15:37:59 - [TEST_STEP][PASSED] - openBrowser(""): Browser is opened with url: ''

16-01-2024T15:37:59 - [MESSAGE][INFO] - Starting 'Firefox' driver

16-01-2024T15:37:59 - [MESSAGE][INFO] - Action delay is set to 0 milliseconds

16-01-2024T15:38:01 - [MESSAGE][PASSED] - Browser is opened with url: ''

16-01-2024T15:38:01 - [TEST_STEP][PASSED] - navigateToUrl("https://www.google.com/"): Navigate to 'https://www.google.com/' successfully

16-01-2024T15:38:02 - [MESSAGE][PASSED] - Navigate to 'https://www.google.com/' successfully

16-01-2024T15:38:02 - [TEST_STEP][PASSED] - setText(findTestObject("Object Repository/Page_Google/Page_Google/Page_Google/textarea_q"), "kru"): Text 'kru' is set on object 'Object Repository/Page_Google/Page_Google/Page_Google/textarea_q'

16-01-2024T15:38:02 - [MESSAGE][PASSED] - Text 'kru' is set on object 'Object Repository/Page_Google/Page_Google/Page_Google/textarea_q'

16-01-2024T15:38:02 - [TEST_STEP][PASSED] - click(findTestObject("Object Repository/Page_Google/Page_Google/Page_Google/input_btnK")): Object: 'Object Repository/Page_Google/Page_Google/Page_Google/input_btnK' is clicked on

16-01-2024T15:38:04 - [MESSAGE][PASSED] - Object: 'Object Repository/Page_Google/Page_Google/Page_Google/input_btnK' is clicked on

16-01-2024T15:38:04 - [TEST_STEP][PASSED] - verifyTextPresent("มหาวิทยาลัยราชภัฏกาญจนบุรี", false): Text 'มหาวิทยาลัยราชภัฏกาญจนบุรี' is present on page 

16-01-2024T15:38:06 - [MESSAGE][PASSED] - Text 'มหาวิทยาลัยราชภัฏกาญจนบุรี' is present on page 

16-01-2024T15:38:06 - [TEST_STEP][PASSED] - closeBrowser(): Browser is closed

16-01-2024T15:38:07 - [MESSAGE][PASSED] - Browser is closed]]></system-out>
         <system-err><![CDATA[]]></system-err>
      </testcase>
      <system-out><![CDATA[16-01-2024T15:37:20 - [TEST_SUITE][PASSED] - T01 - Search By keyword: Test Cases/UC02 - Search/TC0103 - Search By Keyword - kru]]></system-out>
      <system-err><![CDATA[]]></system-err>
   </testsuite>
</testsuites>
