<?xml version="1.0" encoding="UTF-8"?>
<testsuites name="T01 - Search By keyword" time="24.674" tests="4" failures="0" errors="0">
   <testsuite name="T01 - Search By keyword" tests="4" failures="0" errors="0" time="24.674" skipped="0" timestamp="16-01-2024T15:17:17" hostname="Administrator - 10.53.16.229" id="Test Suites/T01 - Search By keyword">
      <properties>
         <property name="deviceName" value=""/>
         <property name="devicePlatform" value=""/>
         <property name="logFolder" value="C:\\Users\\Administrator\\Katalon Studio\\My First Web UI Project\\Reports\\25670116_151712\\T01 - Search By keyword\\25670116_151712"/>
         <property name="logFiles" value="C:\\Users\\Administrator\\Katalon Studio\\My First Web UI Project\\Reports\\25670116_151712\\T01 - Search By keyword\\25670116_151712\\execution0.log"/>
         <property name="attachments" value=""/>
         <property name="hostName" value="Administrator - 10.53.16.229"/>
         <property name="os" value="Windows 10 64bit"/>
         <property name="katalonVersion" value="9.2.0.212"/>
         <property name="browser" value="Chrome 120.0.0.0"/>
         <property name="hostAddress" value="10.53.16.229"/>
         <property name="sessionId" value="46617cf334d8e937abb1b698feefdf4e"/>
         <property name="seleniumVersion" value="3.141.59"/>
         <property name="proxyInformation" value="ProxyInformation { proxyOption=NO_PROXY, proxyServerType=HTTP, username=, password=********, proxyServerAddress=, proxyServerPort=0, executionList=&quot;&quot;, isApplyToDesiredCapabilities=true }"/>
         <property name="platform" value="Windows 10"/>
      </properties>
      <testcase name="Test Cases/UC01 - Search By Keyword/TC0101 - Search By Keyword - npru" time="6.213" classname="Test Cases/UC01 - Search By Keyword/TC0101 - Search By Keyword - npru" status="PASSED">
         <system-out><![CDATA[16-01-2024T15:17:17 - [TEST_CASE][PASSED] - Test Cases/UC01 - Search By Keyword/TC0101 - Search By Keyword - npru: Test Cases/UC01 - Search By Keyword/TC0101 - Search By Keyword - npru

16-01-2024T15:17:17 - [TEST_STEP][PASSED] - openBrowser(""): Browser is opened with url: ''

16-01-2024T15:17:18 - [MESSAGE][INFO] - Starting 'Chrome' driver

16-01-2024T15:17:18 - [MESSAGE][INFO] - Action delay is set to 0 milliseconds

16-01-2024T15:17:19 - [MESSAGE][PASSED] - Browser is opened with url: ''

16-01-2024T15:17:19 - [TEST_STEP][PASSED] - navigateToUrl("https://www.google.com/"): Navigate to 'https://www.google.com/' successfully

16-01-2024T15:17:20 - [MESSAGE][PASSED] - Navigate to 'https://www.google.com/' successfully

16-01-2024T15:17:20 - [TEST_STEP][PASSED] - setText(findTestObject("Object Repository/Page_Google/textarea_q"), "npru"): Text 'npru' is set on object 'Object Repository/Page_Google/textarea_q'

16-01-2024T15:17:21 - [MESSAGE][PASSED] - Text 'npru' is set on object 'Object Repository/Page_Google/textarea_q'

16-01-2024T15:17:21 - [TEST_STEP][PASSED] - click(findTestObject("Object Repository/Page_Google/input_btnK")): Object: 'Object Repository/Page_Google/input_btnK' is clicked on

16-01-2024T15:17:22 - [MESSAGE][PASSED] - Object: 'Object Repository/Page_Google/input_btnK' is clicked on

16-01-2024T15:17:22 - [TEST_STEP][PASSED] - verifyTextPresent("มหาวิทยาลัยราชภัฏนครปฐม ", false): Text 'มหาวิทยาลัยราชภัฏนครปฐม ' is present on page 

16-01-2024T15:17:23 - [MESSAGE][PASSED] - Text 'มหาวิทยาลัยราชภัฏนครปฐม ' is present on page 

16-01-2024T15:17:23 - [TEST_STEP][PASSED] - closeBrowser(): Browser is closed

16-01-2024T15:17:23 - [MESSAGE][PASSED] - Browser is closed]]></system-out>
         <system-err><![CDATA[]]></system-err>
      </testcase>
      <testcase name="Test Cases/UC01 - Search By Keyword/TC0102 - Search By Keyword - pbru" time="9.407" classname="Test Cases/UC01 - Search By Keyword/TC0102 - Search By Keyword - pbru" status="PASSED">
         <system-out><![CDATA[16-01-2024T15:17:23 - [TEST_CASE][PASSED] - Test Cases/UC01 - Search By Keyword/TC0102 - Search By Keyword - pbru: Test Cases/UC01 - Search By Keyword/TC0102 - Search By Keyword - pbru

16-01-2024T15:17:23 - [TEST_STEP][PASSED] - openBrowser(""): Browser is opened with url: ''

16-01-2024T15:17:23 - [MESSAGE][INFO] - Starting 'Chrome' driver

16-01-2024T15:17:23 - [MESSAGE][INFO] - Action delay is set to 0 milliseconds

16-01-2024T15:17:24 - [MESSAGE][PASSED] - Browser is opened with url: ''

16-01-2024T15:17:24 - [TEST_STEP][PASSED] - navigateToUrl("https://www.google.com/"): Navigate to 'https://www.google.com/' successfully

16-01-2024T15:17:25 - [MESSAGE][PASSED] - Navigate to 'https://www.google.com/' successfully

16-01-2024T15:17:25 - [TEST_STEP][PASSED] - setText(findTestObject("Object Repository/Page_Google/Page_Google/textarea_q"), "pbru"): Text 'pbru' is set on object 'Object Repository/Page_Google/Page_Google/textarea_q'

16-01-2024T15:17:29 - [MESSAGE][PASSED] - Text 'pbru' is set on object 'Object Repository/Page_Google/Page_Google/textarea_q'

16-01-2024T15:17:29 - [TEST_STEP][PASSED] - click(findTestObject("Object Repository/Page_Google/Page_Google/input_btnK")): Object: 'Object Repository/Page_Google/Page_Google/input_btnK' is clicked on

16-01-2024T15:17:31 - [MESSAGE][PASSED] - Object: 'Object Repository/Page_Google/Page_Google/input_btnK' is clicked on

16-01-2024T15:17:31 - [TEST_STEP][PASSED] - verifyTextPresent("มหาวิทยาลัยราชภัฏเพชรบุรี", false): Text 'มหาวิทยาลัยราชภัฏเพชรบุรี' is present on page 

16-01-2024T15:17:33 - [MESSAGE][PASSED] - Text 'มหาวิทยาลัยราชภัฏเพชรบุรี' is present on page 

16-01-2024T15:17:33 - [TEST_STEP][PASSED] - closeBrowser(): Browser is closed

16-01-2024T15:17:33 - [MESSAGE][PASSED] - Browser is closed]]></system-out>
         <system-err><![CDATA[]]></system-err>
      </testcase>
      <testcase name="Test Cases/UC02 - Search/TC0101 - Search By Keyword - npru" time="4.475" classname="Test Cases/UC02 - Search/TC0101 - Search By Keyword - npru" status="PASSED">
         <system-out><![CDATA[16-01-2024T15:17:33 - [TEST_CASE][PASSED] - Test Cases/UC02 - Search/TC0101 - Search By Keyword - npru: Test Cases/UC02 - Search/TC0101 - Search By Keyword - npru

16-01-2024T15:17:33 - [TEST_STEP][PASSED] - openBrowser(""): Browser is opened with url: ''

16-01-2024T15:17:33 - [MESSAGE][INFO] - Starting 'Chrome' driver

16-01-2024T15:17:33 - [MESSAGE][INFO] - Action delay is set to 0 milliseconds

16-01-2024T15:17:33 - [MESSAGE][PASSED] - Browser is opened with url: ''

16-01-2024T15:17:33 - [TEST_STEP][PASSED] - navigateToUrl("https://www.google.com/"): Navigate to 'https://www.google.com/' successfully

16-01-2024T15:17:34 - [MESSAGE][PASSED] - Navigate to 'https://www.google.com/' successfully

16-01-2024T15:17:34 - [TEST_STEP][PASSED] - setText(findTestObject("Object Repository/Page_Google/textarea_q"), "npru"): Text 'npru' is set on object 'Object Repository/Page_Google/textarea_q'

16-01-2024T15:17:35 - [MESSAGE][PASSED] - Text 'npru' is set on object 'Object Repository/Page_Google/textarea_q'

16-01-2024T15:17:35 - [TEST_STEP][PASSED] - click(findTestObject("Object Repository/Page_Google/input_btnK")): Object: 'Object Repository/Page_Google/input_btnK' is clicked on

16-01-2024T15:17:35 - [MESSAGE][PASSED] - Object: 'Object Repository/Page_Google/input_btnK' is clicked on

16-01-2024T15:17:35 - [TEST_STEP][PASSED] - verifyTextPresent("มหาวิทยาลัยราชภัฏนครปฐม ", false): Text 'มหาวิทยาลัยราชภัฏนครปฐม ' is present on page 

16-01-2024T15:17:37 - [MESSAGE][PASSED] - Text 'มหาวิทยาลัยราชภัฏนครปฐม ' is present on page 

16-01-2024T15:17:37 - [TEST_STEP][PASSED] - closeBrowser(): Browser is closed

16-01-2024T15:17:37 - [MESSAGE][PASSED] - Browser is closed]]></system-out>
         <system-err><![CDATA[]]></system-err>
      </testcase>
      <testcase name="Test Cases/UC02 - Search/TC0102 - Search By Keyword - pbru" time="4.446" classname="Test Cases/UC02 - Search/TC0102 - Search By Keyword - pbru" status="PASSED">
         <system-out><![CDATA[16-01-2024T15:17:37 - [TEST_CASE][PASSED] - Test Cases/UC02 - Search/TC0102 - Search By Keyword - pbru: Test Cases/UC02 - Search/TC0102 - Search By Keyword - pbru

16-01-2024T15:17:37 - [TEST_STEP][PASSED] - openBrowser(""): Browser is opened with url: ''

16-01-2024T15:17:37 - [MESSAGE][INFO] - Starting 'Chrome' driver

16-01-2024T15:17:37 - [MESSAGE][INFO] - Action delay is set to 0 milliseconds

16-01-2024T15:17:38 - [MESSAGE][PASSED] - Browser is opened with url: ''

16-01-2024T15:17:38 - [TEST_STEP][PASSED] - navigateToUrl("https://www.google.com/"): Navigate to 'https://www.google.com/' successfully

16-01-2024T15:17:39 - [MESSAGE][PASSED] - Navigate to 'https://www.google.com/' successfully

16-01-2024T15:17:39 - [TEST_STEP][PASSED] - setText(findTestObject("Object Repository/Page_Google/Page_Google/textarea_q"), "pbru"): Text 'pbru' is set on object 'Object Repository/Page_Google/Page_Google/textarea_q'

16-01-2024T15:17:39 - [MESSAGE][PASSED] - Text 'pbru' is set on object 'Object Repository/Page_Google/Page_Google/textarea_q'

16-01-2024T15:17:39 - [TEST_STEP][PASSED] - click(findTestObject("Object Repository/Page_Google/Page_Google/input_btnK")): Object: 'Object Repository/Page_Google/Page_Google/input_btnK' is clicked on

16-01-2024T15:17:40 - [MESSAGE][PASSED] - Object: 'Object Repository/Page_Google/Page_Google/input_btnK' is clicked on

16-01-2024T15:17:40 - [TEST_STEP][PASSED] - verifyTextPresent("มหาวิทยาลัยราชภัฏเพชรบุรี", false): Text 'มหาวิทยาลัยราชภัฏเพชรบุรี' is present on page 

16-01-2024T15:17:42 - [MESSAGE][PASSED] - Text 'มหาวิทยาลัยราชภัฏเพชรบุรี' is present on page 

16-01-2024T15:17:42 - [TEST_STEP][PASSED] - closeBrowser(): Browser is closed

16-01-2024T15:17:42 - [MESSAGE][PASSED] - Browser is closed]]></system-out>
         <system-err><![CDATA[]]></system-err>
      </testcase>
      <system-out><![CDATA[16-01-2024T15:17:17 - [TEST_SUITE][PASSED] - T01 - Search By keyword: Test Cases/UC02 - Search/TC0102 - Search By Keyword - pbru]]></system-out>
      <system-err><![CDATA[]]></system-err>
   </testsuite>
</testsuites>
